Base path: 'C:/Program Files/Unity/Editor/Data', plugins path 'C:/Program Files/Unity/Editor/Data/PlaybackEngines'
Cmd: initializeCompiler
Cmd: compileSnippet
  api=4 type=0 insize=1602 outsize=2002 kw=UNITY_PASS_FORWARDBASE DIRECTIONAL SHADOWS_SCREEN LIGHTPROBE_SH pd=UNITY_ENABLE_REFLECTION_BUFFERS UNITY_USE_DITHER_MASK_FOR_ALPHABLENDED_SHADOWS UNITY_PBS_USE_BRDF1 UNITY_SPECCUBE_BOX_PROJECTION UNITY_SPECCUBE_BLENDING UNITY_ENABLE_DETAIL_NORMALMAP SHADER_API_DESKTOP UNITY_COLORSPACE_GAMMA UNITY_LIGHT_PROBE_PROXY_VOLUME UNITY_LIGHTMAP_FULL_HDR ok=1
Cmd: compileSnippet
  api=4 type=0 insize=2970 outsize=2034 kw=UNITY_PASS_FORWARDBASE DIRECTIONAL SHADOWS_SCREEN LIGHTPROBE_SH pd=UNITY_ENABLE_REFLECTION_BUFFERS UNITY_USE_DITHER_MASK_FOR_ALPHABLENDED_SHADOWS UNITY_PBS_USE_BRDF1 UNITY_SPECCUBE_BOX_PROJECTION UNITY_SPECCUBE_BLENDING UNITY_ENABLE_DETAIL_NORMALMAP SHADER_API_DESKTOP UNITY_COLORSPACE_GAMMA UNITY_LIGHT_PROBE_PROXY_VOLUME UNITY_LIGHTMAP_FULL_HDR ok=1
Cmd: compileSnippet
  api=4 type=1 insize=1602 outsize=7686 kw=UNITY_PASS_FORWARDBASE DIRECTIONAL SHADOWS_SCREEN LIGHTPROBE_SH _EMISSION _NORMALMAP pd=UNITY_ENABLE_REFLECTION_BUFFERS UNITY_USE_DITHER_MASK_FOR_ALPHABLENDED_SHADOWS UNITY_PBS_USE_BRDF1 UNITY_SPECCUBE_BOX_PROJECTION UNITY_SPECCUBE_BLENDING UNITY_ENABLE_DETAIL_NORMALMAP SHADER_API_DESKTOP UNITY_COLORSPACE_GAMMA UNITY_LIGHT_PROBE_PROXY_VOLUME UNITY_LIGHTMAP_FULL_HDR ok=1
Cmd: compileSnippet
  api=4 type=0 insize=10301 outsize=1938 kw=UNITY_PASS_FORWARDBASE DIRECTIONAL SHADOWS_SCREEN LIGHTPROBE_SH LIGHTMAP_OFF DIRLIGHTMAP_OFF DYNAMICLIGHTMAP_OFF pd=UNITY_ENABLE_REFLECTION_BUFFERS UNITY_USE_DITHER_MASK_FOR_ALPHABLENDED_SHADOWS UNITY_PBS_USE_BRDF1 UNITY_SPECCUBE_BOX_PROJECTION UNITY_SPECCUBE_BLENDING UNITY_ENABLE_DETAIL_NORMALMAP SHADER_API_DESKTOP UNITY_COLORSPACE_GAMMA UNITY_LIGHT_PROBE_PROXY_VOLUME UNITY_LIGHTMAP_FULL_HDR ok=1
Cmd: initializeCompiler
Cmd: compileComputeKernel
  api=4 insize=7960 outsize=1041 ok=1
Cmd: compileComputeKernel
  api=4 insize=7960 outsize=1531 ok=1
Cmd: compileComputeKernel
  api=4 insize=7960 outsize=1574 ok=1
Cmd: compileComputeKernel
  api=4 insize=9919 outsize=1883 ok=1
Cmd: compileComputeKernel
  api=4 insize=9919 outsize=1879 ok=1
Cmd: compileComputeKernel
  api=4 insize=9919 outsize=1916 ok=1
Cmd: compileComputeKernel
  api=4 insize=9919 outsize=2057 ok=1
Cmd: compileComputeKernel
  api=4 insize=7959 outsize=1699 ok=1
Cmd: compileComputeKernel
  api=4 insize=49356 outsize=2635 ok=1
Cmd: compileComputeKernel
  api=4 insize=49356 outsize=1574 ok=1
Cmd: compileComputeKernel
  api=4 insize=49356 outsize=2072 ok=1
Cmd: compileComputeKernel
  api=4 insize=49356 outsize=1592 ok=1
Cmd: compileComputeKernel
  api=4 insize=49356 outsize=1605 ok=1
Cmd: compileComputeKernel
  api=4 insize=49356 outsize=1282 ok=1
Cmd: compileComputeKernel
  api=4 insize=49356 outsize=1626 ok=1
Cmd: compileComputeKernel
  api=4 insize=49356 outsize=1316 ok=1
Cmd: compileComputeKernel
  api=4 insize=49356 outsize=1856 ok=1
Cmd: compileComputeKernel
  api=4 insize=49356 outsize=1306 ok=1
Cmd: compileComputeKernel
  api=4 insize=49356 outsize=1359 ok=1
Cmd: compileComputeKernel
  api=4 insize=49356 outsize=1879 ok=1
Cmd: compileComputeKernel
  api=4 insize=49356 outsize=1911 ok=1
Cmd: compileComputeKernel
  api=4 insize=49356 outsize=1909 ok=1
Cmd: compileComputeKernel
  api=4 insize=49356 outsize=1321 ok=1
Cmd: compileComputeKernel
  api=4 insize=49356 outsize=1389 ok=1
Cmd: compileComputeKernel
  api=4 insize=49356 outsize=1585 ok=1
Cmd: compileComputeKernel
  api=4 insize=49356 outsize=1745 ok=1
Cmd: compileComputeKernel
  api=4 insize=68835 outsize=7621 ok=1
Cmd: compileComputeKernel
  api=4 insize=68835 outsize=3440 ok=1
Cmd: compileComputeKernel
  api=4 insize=29386 outsize=680 ok=1
Cmd: compileComputeKernel
  api=4 insize=29386 outsize=682 ok=1
Cmd: compileComputeKernel
  api=4 insize=29386 outsize=970 ok=1
Cmd: compileComputeKernel
  api=4 insize=29386 outsize=1032 ok=1
Cmd: compileComputeKernel
  api=4 insize=29386 outsize=759 ok=1
Cmd: compileComputeKernel
  api=4 insize=29386 outsize=817 ok=1
Cmd: compileComputeKernel
  api=4 insize=29386 outsize=950 ok=1
Cmd: compileComputeKernel
  api=4 insize=29386 outsize=701 ok=1
Cmd: compileComputeKernel
  api=4 insize=29386 outsize=677 ok=1
Cmd: compileComputeKernel
  api=4 insize=29386 outsize=759 ok=1
Cmd: compileComputeKernel
  api=4 insize=29386 outsize=700 ok=1
Cmd: compileComputeKernel
  api=4 insize=29386 outsize=1287 ok=1
Cmd: compileComputeKernel
  api=4 insize=29386 outsize=1293 ok=1
Cmd: compileComputeKernel
  api=4 insize=29386 outsize=1067 ok=1
Cmd: compileComputeKernel
  api=4 insize=29386 outsize=1492 ok=1
Cmd: compileComputeKernel
  api=4 insize=29386 outsize=1341 ok=1
Cmd: compileComputeKernel
  api=4 insize=29386 outsize=1355 ok=1
Cmd: compileComputeKernel
  api=4 insize=29386 outsize=1437 ok=1
Cmd: compileComputeKernel
  api=4 insize=29386 outsize=1291 ok=1
Cmd: compileComputeKernel
  api=4 insize=29386 outsize=1306 ok=1
Cmd: compileComputeKernel
  api=4 insize=29386 outsize=1256 ok=1
Cmd: compileComputeKernel
  api=4 insize=29386 outsize=1301 ok=1
Cmd: compileComputeKernel
  api=4 insize=29386 outsize=1359 ok=1
Cmd: compileComputeKernel
  api=4 insize=45671 outsize=6224 ok=1
Cmd: compileComputeKernel
  api=4 insize=45671 outsize=4144 ok=1
Cmd: compileComputeKernel
  api=4 insize=45671 outsize=3565 ok=1
Cmd: compileComputeKernel
  api=4 insize=4103 outsize=1679 ok=1
